<?xml version="1.0" encoding="UTF-8"?>
<!-- Generated by org.testng.reporters.JUnitReportReporter -->
<testsuite skipped="0" hostname="apples-MacBook-Air-3.local" name="com.og.learningMaven.NewTest" tests="1" failures="0" timestamp="21 May 2017 18:19:28 GMT" time="0.019" errors="0">
  <testcase name="f" time="0.019" classname="com.og.learningMaven.NewTest"/>
</testsuite> <!-- com.og.learningMaven.NewTest -->
